warning ../../../../../../package.json: No license field
gyp info it worked if it ends with ok
gyp info using node-gyp@8.3.0
gyp info using node@17.2.0 | linux | x64
gyp info find Python using Python version 3.10.1 found at "/usr/bin/python3"
gyp info spawn /usr/bin/python3
gyp info spawn args [
gyp info spawn args   '/usr/lib/node_modules/node-gyp/gyp/gyp_main.py',
gyp info spawn args   'binding.gyp',
gyp info spawn args   '-f',
gyp info spawn args   'make',
gyp info spawn args   '-I',
gyp info spawn args   '/home/will/src/fstudy/client/node_modules/peer-id/node_modules/ursa-optional/build/config.gypi',
gyp info spawn args   '-I',
gyp info spawn args   '/usr/lib/node_modules/node-gyp/addon.gypi',
gyp info spawn args   '-I',
gyp info spawn args   '/home/will/.cache/node-gyp/17.2.0/include/node/common.gypi',
gyp info spawn args   '-Dlibrary=shared_library',
gyp info spawn args   '-Dvisibility=default',
gyp info spawn args   '-Dnode_root_dir=/home/will/.cache/node-gyp/17.2.0',
gyp info spawn args   '-Dnode_gyp_dir=/usr/lib/node_modules/node-gyp',
gyp info spawn args   '-Dnode_lib_file=/home/will/.cache/node-gyp/17.2.0/<(target_arch)/node.lib',
gyp info spawn args   '-Dmodule_root_dir=/home/will/src/fstudy/client/node_modules/peer-id/node_modules/ursa-optional',
gyp info spawn args   '-Dnode_engine=v8',
gyp info spawn args   '--depth=.',
gyp info spawn args   '--no-parallel',
gyp info spawn args   '--generator-output',
gyp info spawn args   'build',
gyp info spawn args   '-Goutput_dir=.'
gyp info spawn args ]
gyp info spawn make
gyp info spawn args [ 'BUILDTYPE=Release', '-C', 'build' ]
In file included from /home/will/.cache/node-gyp/17.2.0/include/node/openssl/rsa.h:14,
                 from ../src/ursaNative.h:13,
                 from ../src/ursaNative.cc:3:
/home/will/.cache/node-gyp/17.2.0/include/node/openssl/macros.h:155:4: error: #error "OPENSSL_API_COMPAT expresses an impossible API compatibility level"
  155 | #  error "OPENSSL_API_COMPAT expresses an impossible API compatibility level"
      |    ^~~~~
In file included from ../src/ursaNative.h:9,
                 from ../src/ursaNative.cc:3:
/home/will/.cache/node-gyp/17.2.0/include/node/node.h:843:7: warning: cast between incompatible function types from ‘void (*)(v8::Local<v8::Object>)’ to ‘node::addon_register_func’ {aka ‘void (*)(v8::Local<v8::Object>, v8::Local<v8::Value>, void*)’} [-Wcast-function-type]
  843 |       (node::addon_register_func) (regfunc),                          \
      |       ^~~~~~~~~~~~~~~~~~~~~~~~~~~~~~~~~~~~~
/home/will/.cache/node-gyp/17.2.0/include/node/node.h:877:3: note: in expansion of macro ‘NODE_MODULE_X’
  877 |   NODE_MODULE_X(modname, regfunc, NULL, 0)  // NOLINT (readability/null_usage)
      |   ^~~~~~~~~~~~~
../src/ursaNative.cc:389:1: note: in expansion of macro ‘NODE_MODULE’
  389 | NODE_MODULE(ursaNative, init)
      | ^~~~~~~~~~~
make: *** [ursaNative.target.mk:109: Release/obj.target/ursaNative/src/ursaNative.o] Error 1
gyp ERR! build error 
gyp ERR! stack Error: `make` failed with exit code: 2
gyp ERR! stack     at ChildProcess.onExit (/usr/lib/node_modules/node-gyp/lib/build.js:194:23)
gyp ERR! stack     at ChildProcess.emit (node:events:390:28)
gyp ERR! stack     at Process.ChildProcess._handle.onexit (node:internal/child_process:290:12)
gyp ERR! System Linux 5.15.7-arch1-1
gyp ERR! command "/usr/bin/node" "/usr/lib/node_modules/node-gyp/bin/node-gyp.js" "rebuild"
gyp ERR! cwd /home/will/src/fstudy/client/node_modules/peer-id/node_modules/ursa-optional
gyp ERR! node -v v17.2.0
gyp ERR! node-gyp -v v8.3.0
gyp ERR! not ok 
error Command failed with exit code 1.
